info: ::1 - - [01/Jun/2023:14:49:47 +0000] "GET /api/v1/users HTTP/1.1" 404 47 "-" "PostmanRuntime/7.32.2"

info: ::1 - - [01/Jun/2023:14:53:20 +0000] "GET /api/v1/users HTTP/1.1" 200 293 "-" "PostmanRuntime/7.32.2"

info: ::1 - - [01/Jun/2023:14:54:38 +0000] "GET /api/v1/users/login HTTP/1.1" 404 47 "-" "PostmanRuntime/7.32.2"

info: ::1 - - [01/Jun/2023:14:54:46 +0000] "PUT /api/v1/users/login HTTP/1.1" 404 47 "-" "PostmanRuntime/7.32.2"

info: ::1 - - [01/Jun/2023:14:54:59 +0000] "POST /api/v1/users/login HTTP/1.1" 202 212 "-" "PostmanRuntime/7.32.2"

info: ::1 - - [01/Jun/2023:14:55:45 +0000] "GET /api/v1/users/login HTTP/1.1" 404 47 "-" "PostmanRuntime/7.32.2"

info: ::1 - - [01/Jun/2023:14:56:02 +0000] "GET /api/v1/note HTTP/1.1" 200 277 "-" "PostmanRuntime/7.32.2"

info: ::1 - - [01/Jun/2023:15:03:17 +0000] "GET /api/v1/note/archive/1 HTTP/1.1" 404 47 "-" "PostmanRuntime/7.32.2"

info: ::1 - - [01/Jun/2023:15:03:30 +0000] "PUT /api/v1/note/archive/1 HTTP/1.1" 202 270 "-" "PostmanRuntime/7.32.2"

info: ::1 - - [01/Jun/2023:15:03:46 +0000] "PUT /api/v1/note/archive/1 HTTP/1.1" 202 270 "-" "PostmanRuntime/7.32.2"

info: ::1 - - [01/Jun/2023:15:06:11 +0000] "PUT /api/v1/note/archive/1 HTTP/1.1" 400 81 "-" "PostmanRuntime/7.32.2"

info: ::1 - - [01/Jun/2023:15:12:09 +0000] "PUT /api/v1/note/archive/1 HTTP/1.1" 400 89 "-" "PostmanRuntime/7.32.2"

info: ::1 - - [01/Jun/2023:15:12:18 +0000] "PUT /api/v1/note/archive/1 HTTP/1.1" 400 89 "-" "PostmanRuntime/7.32.2"

info: ::1 - - [01/Jun/2023:15:13:43 +0000] "PUT /api/v1/note/archive/1 HTTP/1.1" 400 89 "-" "PostmanRuntime/7.32.2"

info: ::1 - - [01/Jun/2023:15:28:04 +0000] "PUT /api/v1/note/archive/1 HTTP/1.1" 400 89 "-" "PostmanRuntime/7.32.2"

info: ::1 - - [01/Jun/2023:15:34:45 +0000] "PUT /api/v1/note/archive/1 HTTP/1.1" 400 89 "-" "PostmanRuntime/7.32.2"

info: ::1 - - [01/Jun/2023:15:35:14 +0000] "PUT /api/v1/users/login HTTP/1.1" 404 47 "-" "PostmanRuntime/7.32.2"

info: ::1 - - [01/Jun/2023:15:35:21 +0000] "POST /api/v1/users/login HTTP/1.1" 202 212 "-" "PostmanRuntime/7.32.2"

info: ::1 - - [01/Jun/2023:15:35:47 +0000] "POST /api/v1/users/login HTTP/1.1" 202 212 "-" "PostmanRuntime/7.32.2"

info: ::1 - - [01/Jun/2023:15:37:12 +0000] "PUT /api/v1/note/archive/1 HTTP/1.1" 400 89 "-" "PostmanRuntime/7.32.2"

info: ::1 - - [01/Jun/2023:15:39:27 +0000] "PUT /api/v1/note/archive/1 HTTP/1.1" 400 89 "-" "PostmanRuntime/7.32.2"

info: ::1 - - [01/Jun/2023:15:41:17 +0000] "PUT /api/v1/note/archive/1 HTTP/1.1" 400 89 "-" "PostmanRuntime/7.32.2"

info: ::1 - - [01/Jun/2023:15:41:20 +0000] "PUT /api/v1/note/archive/1 HTTP/1.1" 400 89 "-" "PostmanRuntime/7.32.2"

info: ::1 - - [01/Jun/2023:15:43:28 +0000] "POST /api/v1/users/login HTTP/1.1" 202 212 "-" "PostmanRuntime/7.32.2"

info: ::1 - - [01/Jun/2023:15:44:10 +0000] "PUT /api/v1/note/archive/1 HTTP/1.1" 400 89 "-" "PostmanRuntime/7.32.2"

info: ::1 - - [01/Jun/2023:15:55:37 +0000] "PUT /api/v1/note/trash/1 HTTP/1.1" 400 88 "-" "PostmanRuntime/7.32.2"

