info: Connected to the database. {"timestamp":"2023-05-16T09:12:18.698Z"}
info: Connected to the database. {"timestamp":"2023-05-16T09:14:44.360Z"}
info: Connected to the database. {"timestamp":"2023-05-16T09:14:51.450Z"}
info: Server started at http://localhost:8000/api/v1/ {"timestamp":"2023-05-16T09:16:49.128Z"}
info: Connected to the database. {"timestamp":"2023-05-16T09:16:49.508Z"}
info: Server started at http://localhost:8000/api/v1/ {"timestamp":"2023-05-16T09:19:06.798Z"}
info: Connected to the database. {"timestamp":"2023-05-16T09:19:07.143Z"}
info: Server started at http://localhost:8000/api/v1/ {"timestamp":"2023-05-16T09:19:57.225Z"}
info: Connected to the database. {"timestamp":"2023-05-16T09:19:57.719Z"}
error: 
      status - 400
      message - Authorization token is required 
      url - /api/v1/users 
      method - POST 
      IP - ::1
     {"timestamp":"2023-05-16T09:21:15.190Z"}
info: Server started at http://localhost:8000/api/v1/ {"timestamp":"2023-05-16T09:21:29.880Z"}
info: Connected to the database. {"timestamp":"2023-05-16T09:21:30.214Z"}
info: Server started at http://localhost:8000/api/v1/ {"timestamp":"2023-05-16T09:35:09.292Z"}
info: Connected to the database. {"timestamp":"2023-05-16T09:35:09.757Z"}
info: Server started at http://localhost:8000/api/v1/ {"timestamp":"2023-05-16T09:36:11.823Z"}
info: Connected to the database. {"timestamp":"2023-05-16T09:36:12.078Z"}
info: Server started at http://localhost:8000/api/v1/ {"timestamp":"2023-05-16T09:55:24.201Z"}
info: Connected to the database. {"timestamp":"2023-05-16T09:55:24.586Z"}
info: Connected to the database. {"timestamp":"2023-05-16T09:57:35.138Z"}
info: Connected to the database. {"timestamp":"2023-05-16T09:59:12.964Z"}
info: Connected to the database. {"timestamp":"2023-05-16T10:01:24.538Z"}
info: Connected to the database. {"timestamp":"2023-05-16T10:02:11.141Z"}
info: Connected to the database. {"timestamp":"2023-05-16T10:04:10.645Z"}
info: Connected to the database. {"timestamp":"2023-05-16T10:05:30.854Z"}
info: Server started at http://localhost:8000/api/v1/ {"timestamp":"2023-05-16T10:07:31.665Z"}
info: Connected to the database. {"timestamp":"2023-05-16T10:07:31.954Z"}
